<?xml version="1.0" encoding="UTF-8"?>
<!-- Generated by org.testng.reporters.JUnitReportReporter -->
<testsuite hostname="DESKTOP-U7NCNIN" failures="0" tests="4" name="com.qacart.todo.testcases.TodoTests" time="25.805" errors="0" timestamp="2022-10-10T23:21:46 EET" skipped="0">
  <testcase classname="com.qacart.todo.testcases.TodoTests" name="shouldBeAbleToAddTODO" time="5.748"/>
  <system-out/>
  <testcase classname="com.qacart.todo.testcases.TodoTests" name="ShouldBeAbleToGetTODOById" time="7.169"/>
  <system-out/>
  <testcase classname="com.qacart.todo.testcases.TodoTests" name="ShouldBeAbleToDeleteTodo" time="7.169"/>
  <system-out/>
  <testcase classname="com.qacart.todo.testcases.TodoTests" name="shouldNOTBeAbleToAddTODOWithoutIsCompleted" time="5.719"/>
  <system-out/>
</testsuite> <!-- com.qacart.todo.testcases.TodoTests -->
