<?xml version="1.0" encoding="UTF-8"?>
<!-- Generated by org.testng.reporters.JUnitReportReporter -->
<testsuite hostname="DESKTOP-U7NCNIN" failures="0" tests="4" name="com.qacart.todo.testcases.UserTests" time="20.732" errors="0" timestamp="2022-10-10T23:21:46 EET" skipped="0">
  <testcase classname="com.qacart.todo.testcases.UserTests" name="shouldBeAbleToRegister" time="4.598"/>
  <system-out/>
  <testcase classname="com.qacart.todo.testcases.UserTests" name="shouldNotBeAbleToRegister" time="5.375"/>
  <system-out/>
  <testcase classname="com.qacart.todo.testcases.UserTests" name="shouldBeAbleToLogIn" time="5.384"/>
  <system-out/>
  <testcase classname="com.qacart.todo.testcases.UserTests" name="shouldNOTBeAbleToLogInWithWrongPass" time="5.375"/>
  <system-out/>
</testsuite> <!-- com.qacart.todo.testcases.UserTests -->
